<?xml version="1.0" encoding="UTF-8"?>
<testsuite name="NavigationToReniec" tests="1" skipped="0" failures="0" errors="0" timestamp="2022-12-28T20:09:25" hostname="DESKTOP-2AOOUBR" time="18.997">
  <properties/>
  <testcase name="navigationCuenca()" classname="NavigationToReniec" time="18.997"/>
  <system-out><![CDATA[Main tabCDwindow-F70FCD95CDDD19FA10E8EAA16077578A
-- Handled ID: CDwindow-F70FCD95CDDD19FA10E8EAA16077578A
-- Handled ID: CDwindow-F6B2FC71071E4420539918164F05CA79
 -- Changing Tab ---
]]></system-out>
  <system-err><![CDATA[SLF4J: No SLF4J providers were found.
SLF4J: Defaulting to no-operation (NOP) logger implementation
SLF4J: See https://www.slf4j.org/codes.html#noProviders for further details.
Starting ChromeDriver 108.0.5359.71 (1e0e3868ee06e91ad636a874420e3ca3ae3756ac-refs/branch-heads/5359@{#1016}) on port 40420
Only local connections are allowed.
Please see https://chromedriver.chromium.org/security-considerations for suggestions on keeping ChromeDriver safe.
ChromeDriver was started successfully.
]]></system-err>
</testsuite>
